<?xml version="1.0" encoding="UTF-8"?>
<testng-results skipped="0" failed="1" total="1" passed="0">
  <reporter-output>
  </reporter-output>
  <suite name="Default suite" duration-ms="1424" started-at="2016-04-13T05:17:40Z" finished-at="2016-04-13T05:17:42Z">
    <groups>
    </groups>
    <test name="Default test" duration-ms="1424" started-at="2016-04-13T05:17:40Z" finished-at="2016-04-13T05:17:42Z">
      <class name="using_ng.drag_drop">
        <test-method status="FAIL" signature="radioCheck()[pri:0, instance:using_ng.drag_drop@2752f6e2]" name="radioCheck" duration-ms="1356" started-at="2016-04-13T10:47:40Z" finished-at="2016-04-13T10:47:42Z">
          <exception class="org.openqa.selenium.os.WindowsRegistryException">
            <message>
              <![CDATA[Problem while managing the registry, OS Version '10.0', regVersion1 = false
Build info: version: '2.51.0', revision: '1af067d', time: '2016-02-05 19:11:55'
System info: host: 'aseem', ip: '169.254.80.80', os.name: 'Windows 10', os.arch: 'amd64', os.version: '10.0', java.version: '1.8.0_66'
Driver info: driver.version: unknown]]>
            </message>
            <full-stacktrace>
              <![CDATA[org.openqa.selenium.os.WindowsRegistryException: Problem while managing the registry, OS Version '10.0', regVersion1 = false
Build info: version: '2.51.0', revision: '1af067d', time: '2016-02-05 19:11:55'
System info: host: 'aseem', ip: '169.254.80.80', os.name: 'Windows 10', os.arch: 'amd64', os.version: '10.0', java.version: '1.8.0_66'
Driver info: driver.version: unknown
	at org.openqa.selenium.os.WindowsUtils.executeCommand(WindowsUtils.java:579)
	at org.openqa.selenium.os.WindowsUtils.runRegQuery(WindowsUtils.java:648)
	at org.openqa.selenium.os.WindowsUtils.readStringRegistryValue(WindowsUtils.java:468)
	at using_ng.drag_drop.radioCheck(drag_drop.java:25)
	at sun.reflect.NativeMethodAccessorImpl.invoke0(Native Method)
	at sun.reflect.NativeMethodAccessorImpl.invoke(Unknown Source)
	at sun.reflect.DelegatingMethodAccessorImpl.invoke(Unknown Source)
	at java.lang.reflect.Method.invoke(Unknown Source)
	at org.testng.internal.MethodInvocationHelper.invokeMethod(MethodInvocationHelper.java:86)
	at org.testng.internal.Invoker.invokeMethod(Invoker.java:645)
	at org.testng.internal.Invoker.invokeTestMethod(Invoker.java:822)
	at org.testng.internal.Invoker.invokeTestMethods(Invoker.java:1130)
	at org.testng.internal.TestMethodWorker.invokeTestMethods(TestMethodWorker.java:129)
	at org.testng.internal.TestMethodWorker.run(TestMethodWorker.java:112)
	at org.testng.TestRunner.privateRun(TestRunner.java:782)
	at org.testng.TestRunner.run(TestRunner.java:632)
	at org.testng.SuiteRunner.runTest(SuiteRunner.java:366)
	at org.testng.SuiteRunner.runSequentially(SuiteRunner.java:361)
	at org.testng.SuiteRunner.privateRun(SuiteRunner.java:319)
	at org.testng.SuiteRunner.run(SuiteRunner.java:268)
	at org.testng.SuiteRunnerWorker.runSuite(SuiteRunnerWorker.java:52)
	at org.testng.SuiteRunnerWorker.run(SuiteRunnerWorker.java:86)
	at org.testng.TestNG.runSuitesSequentially(TestNG.java:1244)
	at org.testng.TestNG.runSuitesLocally(TestNG.java:1169)
	at org.testng.TestNG.run(TestNG.java:1064)
	at org.testng.remote.RemoteTestNG.run(RemoteTestNG.java:113)
	at org.testng.remote.RemoteTestNG.initAndRun(RemoteTestNG.java:206)
	at org.testng.remote.RemoteTestNG.main(RemoteTestNG.java:177)
Caused by: java.lang.RuntimeException: exec return code 1: ERROR: The system was unable to find the specified registry key or value.

	at org.openqa.selenium.os.WindowsRegistryException.<init>(WindowsRegistryException.java:35)
	... 28 more
]]>
            </full-stacktrace>
          </exception> <!-- org.openqa.selenium.os.WindowsRegistryException -->
          <reporter-output>
          </reporter-output>
        </test-method> <!-- radioCheck -->
      </class> <!-- using_ng.drag_drop -->
    </test> <!-- Default test -->
  </suite> <!-- Default suite -->
</testng-results>
